{"event": "Kinematic loop has started", "level": "info", "timestamp": 7.152557373046875e-07}
{"event": "VESC CMP, motor controller, and kinematic loop threads are running.", "level": "info", "timestamp": 5.125999450683594e-05}
{"event": "Sim data recorder thread is running.", "level": "info", "timestamp": 0.00021076202392578125}
{"theta_slope_deg": 6.179817746388537, "event": "Calculated new theta slope value", "level": "info", "timestamp": 5.042524337768555}
{"theta_slope_deg": 0.0, "event": "Theta slope value is set to 0.0", "level": "info", "timestamp": 10.082243204116821}
{"theta_slope_deg": -3.124565439328787, "event": "Calculated new theta slope value", "level": "info", "timestamp": 15.126709222793579}
{"theta_slope_deg": 0.0, "event": "Theta slope value is set to 0.0", "level": "info", "timestamp": 20.16484808921814}
{"theta_slope_deg": -5.456977765470697, "event": "Calculated new theta slope value", "level": "info", "timestamp": 25.201732397079468}
{"force_x_of_the_push": 1470.4263362913007, "duration_of_the_push_ms": 507, "event": "Land paddle board push initiated", "level": "info", "timestamp": 30.18361473083496}
{"push_active": true, "initial_slowdown_duration_ms": 50.7, "rider_accel_ms2": 19.60568448388401, "event": "Land paddle board push setup", "level": "info", "timestamp": 30.18374991416931}
{"theta_slope_deg": 0.0, "event": "Theta slope value is set to 0.0", "level": "info", "timestamp": 30.243883848190308}
{"push_active": false, "event": "Land paddle board push finished", "level": "info", "timestamp": 30.736515522003174}
{"theta_slope_deg": -11.023522787380397, "event": "Calculated new theta slope value", "level": "info", "timestamp": 35.28027820587158}
{"theta_slope_deg": 0.0, "event": "Theta slope value is set to 0.0", "level": "info", "timestamp": 40.318612813949585}
{"theta_slope_deg": 7.616905844684673, "event": "Calculated new theta slope value", "level": "info", "timestamp": 45.357038259506226}
{"theta_slope_deg": 0.0, "event": "Theta slope value is set to 0.0", "level": "info", "timestamp": 50.396416902542114}
{"theta_slope_deg": -14.53846908238889, "event": "Calculated new theta slope value", "level": "info", "timestamp": 55.43420386314392}
{"force_x_of_the_push": 1063.151299376223, "duration_of_the_push_ms": 491, "event": "Land paddle board push initiated", "level": "info", "timestamp": 60.35421371459961}
{"push_active": true, "initial_slowdown_duration_ms": 49.1, "rider_accel_ms2": 14.175350658349641, "event": "Land paddle board push setup", "level": "info", "timestamp": 60.35432171821594}
{"theta_slope_deg": 0.0, "event": "Theta slope value is set to 0.0", "level": "info", "timestamp": 60.47492837905884}
{"push_active": false, "event": "Land paddle board push finished", "level": "info", "timestamp": 60.89738965034485}
{"theta_slope_deg": -6.275822784386687, "event": "Calculated new theta slope value", "level": "info", "timestamp": 65.51579737663269}
{"theta_slope_deg": 0.0, "event": "Theta slope value is set to 0.0", "level": "info", "timestamp": 70.55901718139648}
{"theta_slope_deg": -11.335631438999098, "event": "Calculated new theta slope value", "level": "info", "timestamp": 75.59957790374756}
{"theta_slope_deg": 0.0, "event": "Theta slope value is set to 0.0", "level": "info", "timestamp": 80.64316320419312}
{"theta_slope_deg": -2.245776416156536, "event": "Calculated new theta slope value", "level": "info", "timestamp": 85.68695425987244}
{"force_x_of_the_push": 1376.929974929222, "duration_of_the_push_ms": 416, "event": "Land paddle board push initiated", "level": "info", "timestamp": 90.54586291313171}
{"push_active": true, "initial_slowdown_duration_ms": 41.6, "rider_accel_ms2": 18.359066332389627, "event": "Land paddle board push setup", "level": "info", "timestamp": 90.54597473144531}
{"theta_slope_deg": 0.0, "event": "Theta slope value is set to 0.0", "level": "info", "timestamp": 90.7268545627594}
{"push_active": false, "event": "Land paddle board push finished", "level": "info", "timestamp": 90.99826383590698}
{"theta_slope_deg": 7.38188833782575, "event": "Calculated new theta slope value", "level": "info", "timestamp": 95.76756715774536}
{"theta_slope_deg": 0.0, "event": "Theta slope value is set to 0.0", "level": "info", "timestamp": 100.81389784812927}
{"theta_slope_deg": -10.889631551491396, "event": "Calculated new theta slope value", "level": "info", "timestamp": 105.85652256011963}
{"theta_slope_deg": 0.0, "event": "Theta slope value is set to 0.0", "level": "info", "timestamp": 110.89417743682861}
{"theta_slope_deg": -1.3980235444990328, "event": "Calculated new theta slope value", "level": "info", "timestamp": 115.93268489837646}
{"force_x_of_the_push": 1130.7769164548495, "duration_of_the_push_ms": 585, "event": "Land paddle board push initiated", "level": "info", "timestamp": 120.73167514801025}
{"push_active": true, "initial_slowdown_duration_ms": 58.5, "rider_accel_ms2": 15.077025552731326, "event": "Land paddle board push setup", "level": "info", "timestamp": 120.73178839683533}
{"theta_slope_deg": 0.0, "event": "Theta slope value is set to 0.0", "level": "info", "timestamp": 120.97294759750366}
{"push_active": false, "event": "Land paddle board push finished", "level": "info", "timestamp": 121.37505745887756}
{"theta_slope_deg": -6.77369988071591, "event": "Calculated new theta slope value", "level": "info", "timestamp": 126.0176510810852}
{"theta_slope_deg": 0.0, "event": "Theta slope value is set to 0.0", "level": "info", "timestamp": 131.05798077583313}
{"theta_slope_deg": -6.896079009867638, "event": "Calculated new theta slope value", "level": "info", "timestamp": 136.10047483444214}
{"theta_slope_deg": 0.0, "event": "Theta slope value is set to 0.0", "level": "info", "timestamp": 141.14094376564026}
{"theta_slope_deg": -12.960489629570427, "event": "Calculated new theta slope value", "level": "info", "timestamp": 146.17883849143982}
{"force_x_of_the_push": 750.1840589902529, "duration_of_the_push_ms": 421, "event": "Land paddle board push initiated", "level": "info", "timestamp": 150.91363286972046}
{"push_active": true, "initial_slowdown_duration_ms": 42.1, "rider_accel_ms2": 10.002454119870038, "event": "Land paddle board push setup", "level": "info", "timestamp": 150.9137477874756}
{"theta_slope_deg": 0.0, "event": "Theta slope value is set to 0.0", "level": "info", "timestamp": 151.21521592140198}
{"push_active": false, "event": "Land paddle board push finished", "level": "info", "timestamp": 151.37604212760925}
{"theta_slope_deg": -7.436280921034055, "event": "Calculated new theta slope value", "level": "info", "timestamp": 156.2535319328308}
{"theta_slope_deg": 0.0, "event": "Theta slope value is set to 0.0", "level": "info", "timestamp": 161.2930452823639}
{"theta_slope_deg": 13.63906469487242, "event": "Calculated new theta slope value", "level": "info", "timestamp": 166.33113813400269}
{"theta_slope_deg": 0.0, "event": "Theta slope value is set to 0.0", "level": "info", "timestamp": 171.36925649642944}
{"theta_slope_deg": -4.577547787433966, "event": "Calculated new theta slope value", "level": "info", "timestamp": 176.40565967559814}
{"force_x_of_the_push": 968.304268359886, "duration_of_the_push_ms": 481, "event": "Land paddle board push initiated", "level": "info", "timestamp": 181.0814173221588}
{"push_active": true, "initial_slowdown_duration_ms": 48.1, "rider_accel_ms2": 12.910723578131813, "event": "Land paddle board push setup", "level": "info", "timestamp": 181.08152270317078}
{"theta_slope_deg": 0.0, "event": "Theta slope value is set to 0.0", "level": "info", "timestamp": 181.4441957473755}
{"push_active": false, "event": "Land paddle board push finished", "level": "info", "timestamp": 181.6051890850067}
{"theta_slope_deg": 0.06337464077462229, "event": "Calculated new theta slope value", "level": "info", "timestamp": 186.4851677417755}
{"theta_slope_deg": 0.0, "event": "Theta slope value is set to 0.0", "level": "info", "timestamp": 191.53296780586243}
{"theta_slope_deg": -7.888155502202798, "event": "Calculated new theta slope value", "level": "info", "timestamp": 196.56956577301025}
{"theta_slope_deg": 0.0, "event": "Theta slope value is set to 0.0", "level": "info", "timestamp": 201.60576105117798}
{"theta_slope_deg": -9.608389131791135, "event": "Calculated new theta slope value", "level": "info", "timestamp": 206.6427938938141}
{"force_x_of_the_push": 1219.5504073325278, "duration_of_the_push_ms": 576, "event": "Land paddle board push initiated", "level": "info", "timestamp": 211.26162314414978}
{"push_active": true, "initial_slowdown_duration_ms": 57.6, "rider_accel_ms2": 16.26067209776704, "event": "Land paddle board push setup", "level": "info", "timestamp": 211.2617347240448}
{"theta_slope_deg": 0.0, "event": "Theta slope value is set to 0.0", "level": "info", "timestamp": 211.68444871902466}
{"push_active": false, "event": "Land paddle board push finished", "level": "info", "timestamp": 211.89596343040466}
{"theta_slope_deg": 4.75198557397615, "event": "Calculated new theta slope value", "level": "info", "timestamp": 216.72648310661316}
{"theta_slope_deg": 0.0, "event": "Theta slope value is set to 0.0", "level": "info", "timestamp": 221.76875066757202}
{"theta_slope_deg": -0.3364373678687116, "event": "Calculated new theta slope value", "level": "info", "timestamp": 226.8125193119049}
{"theta_slope_deg": 0.0, "event": "Theta slope value is set to 0.0", "level": "info", "timestamp": 231.85359573364258}
{"theta_slope_deg": 5.164114080044797, "event": "Calculated new theta slope value", "level": "info", "timestamp": 236.90316677093506}
{"force_x_of_the_push": 939.9184333717266, "duration_of_the_push_ms": 597, "event": "Land paddle board push initiated", "level": "info", "timestamp": 241.46821427345276}
{"push_active": true, "initial_slowdown_duration_ms": 59.7, "rider_accel_ms2": 12.532245778289688, "event": "Land paddle board push setup", "level": "info", "timestamp": 241.46833395957947}
{"theta_slope_deg": 0.0, "event": "Theta slope value is set to 0.0", "level": "info", "timestamp": 241.951073884964}
{"push_active": false, "event": "Land paddle board push finished", "level": "info", "timestamp": 242.12227034568787}
{"theta_slope_deg": -5.5765654560191145, "event": "Calculated new theta slope value", "level": "info", "timestamp": 246.9959795475006}
{"theta_slope_deg": 0.0, "event": "Theta slope value is set to 0.0", "level": "info", "timestamp": 252.04139590263367}
{"theta_slope_deg": -0.0027623477195639623, "event": "Calculated new theta slope value", "level": "info", "timestamp": 257.08760809898376}
{"theta_slope_deg": 0.0, "event": "Theta slope value is set to 0.0", "level": "info", "timestamp": 262.13621830940247}
{"theta_slope_deg": 2.2914119724106428, "event": "Calculated new theta slope value", "level": "info", "timestamp": 267.18702125549316}
{"force_x_of_the_push": 1106.9903648104196, "duration_of_the_push_ms": 411, "event": "Land paddle board push initiated", "level": "info", "timestamp": 271.69497895240784}
{"push_active": true, "initial_slowdown_duration_ms": 41.099999999999994, "rider_accel_ms2": 14.759871530805594, "event": "Land paddle board push setup", "level": "info", "timestamp": 271.695086479187}
{"push_active": false, "event": "Land paddle board push finished", "level": "info", "timestamp": 272.1486556529999}
{"theta_slope_deg": 0.0, "event": "Theta slope value is set to 0.0", "level": "info", "timestamp": 272.23947310447693}
{"theta_slope_deg": 10.530989390044226, "event": "Calculated new theta slope value", "level": "info", "timestamp": 277.2856092453003}
{"theta_slope_deg": 0.0, "event": "Theta slope value is set to 0.0", "level": "info", "timestamp": 282.3315498828888}
{"theta_slope_deg": -6.349229298110306, "event": "Calculated new theta slope value", "level": "info", "timestamp": 287.38564014434814}
{"theta_slope_deg": 0.0, "event": "Theta slope value is set to 0.0", "level": "info", "timestamp": 292.42946553230286}
{"theta_slope_deg": 13.520040321930221, "event": "Calculated new theta slope value", "level": "info", "timestamp": 297.47612595558167}
{"force_x_of_the_push": 1387.6686590524607, "duration_of_the_push_ms": 551, "event": "Land paddle board push initiated", "level": "info", "timestamp": 301.9193971157074}
{"push_active": true, "initial_slowdown_duration_ms": 55.10000000000001, "rider_accel_ms2": 18.502248787366142, "event": "Land paddle board push setup", "level": "info", "timestamp": 301.9195079803467}
{"theta_slope_deg": 0.0, "event": "Theta slope value is set to 0.0", "level": "info", "timestamp": 302.5235483646393}
{"push_active": false, "event": "Land paddle board push finished", "level": "info", "timestamp": 302.5237021446228}
{"theta_slope_deg": -11.827709118932571, "event": "Calculated new theta slope value", "level": "info", "timestamp": 307.56801199913025}
{"theta_slope_deg": 0.0, "event": "Theta slope value is set to 0.0", "level": "info", "timestamp": 312.6136085987091}
{"theta_slope_deg": 2.9441192491380868, "event": "Calculated new theta slope value", "level": "info", "timestamp": 317.6606011390686}
{"theta_slope_deg": 0.0, "event": "Theta slope value is set to 0.0", "level": "info", "timestamp": 322.7039942741394}
{"theta_slope_deg": 3.4744808946540253, "event": "Calculated new theta slope value", "level": "info", "timestamp": 327.7480819225311}
{"force_x_of_the_push": 954.2329353335316, "duration_of_the_push_ms": 493, "event": "Land paddle board push initiated", "level": "info", "timestamp": 332.1291813850403}
{"push_active": true, "initial_slowdown_duration_ms": 49.300000000000004, "rider_accel_ms2": 12.723105804447089, "event": "Land paddle board push setup", "level": "info", "timestamp": 332.1292917728424}
{"push_active": false, "event": "Land paddle board push finished", "level": "info", "timestamp": 332.67306566238403}
{"theta_slope_deg": 0.0, "event": "Theta slope value is set to 0.0", "level": "info", "timestamp": 332.793728351593}
{"theta_slope_deg": -1.644774284730989, "event": "Calculated new theta slope value", "level": "info", "timestamp": 337.8312735557556}
{"theta_slope_deg": 0.0, "event": "Theta slope value is set to 0.0", "level": "info", "timestamp": 342.86818861961365}
{"theta_slope_deg": -0.7061275393943713, "event": "Calculated new theta slope value", "level": "info", "timestamp": 347.9087281227112}
{"theta_slope_deg": 0.0, "event": "Theta slope value is set to 0.0", "level": "info", "timestamp": 352.9580121040344}
{"theta_slope_deg": 14.203741533450327, "event": "Calculated new theta slope value", "level": "info", "timestamp": 358.00318598747253}
{"force_x_of_the_push": 910.6049753821657, "duration_of_the_push_ms": 527, "event": "Land paddle board push initiated", "level": "info", "timestamp": 362.32440209388733}
{"push_active": true, "initial_slowdown_duration_ms": 52.7, "rider_accel_ms2": 12.141399671762208, "event": "Land paddle board push setup", "level": "info", "timestamp": 362.32450795173645}
{"push_active": false, "event": "Land paddle board push finished", "level": "info", "timestamp": 362.89768409729004}
{"theta_slope_deg": 0.0, "event": "Theta slope value is set to 0.0", "level": "info", "timestamp": 363.04867672920227}
{"theta_slope_deg": -7.447910149838285, "event": "Calculated new theta slope value", "level": "info", "timestamp": 368.090882062912}
{"theta_slope_deg": 0.0, "event": "Theta slope value is set to 0.0", "level": "info", "timestamp": 373.1393349170685}
{"theta_slope_deg": 12.624407008446425, "event": "Calculated new theta slope value", "level": "info", "timestamp": 378.1825201511383}
{"theta_slope_deg": 0.0, "event": "Theta slope value is set to 0.0", "level": "info", "timestamp": 383.22009563446045}
{"theta_slope_deg": 8.399009071085825, "event": "Calculated new theta slope value", "level": "info", "timestamp": 388.2596869468689}
